\BOOKMARK [1][-]{section.1}{\376\377\000I\000n\000t\000r\000o\000d\000u\000c\000t\000i\000o\000n}{}% 1
\BOOKMARK [2][-]{subsection.1.1}{\376\377\000B\000a\000c\000k\000g\000r\000o\000u\000n\000d\000\040\000a\000n\000d\000\040\000M\000o\000t\000i\000v\000a\000t\000i\000o\000n}{section.1}% 2
\BOOKMARK [2][-]{subsection.1.2}{\376\377\000I\000n\000f\000o\000r\000m\000a\000t\000i\000o\000n\000\040\000T\000h\000e\000o\000r\000y\000\040\000a\000n\000d\000\040\000B\000e\000h\000a\000v\000i\000o\000r\000a\000l\000\040\000A\000n\000a\000l\000y\000s\000i\000s}{section.1}% 3
\BOOKMARK [2][-]{subsection.1.3}{\376\377\000R\000e\000s\000e\000a\000r\000c\000h\000\040\000Q\000u\000e\000s\000t\000i\000o\000n}{section.1}% 4
\BOOKMARK [2][-]{subsection.1.4}{\376\377\000S\000i\000g\000n\000i\000f\000i\000c\000a\000n\000c\000e}{section.1}% 5
\BOOKMARK [1][-]{section.2}{\376\377\000M\000e\000t\000h\000o\000d\000o\000l\000o\000g\000y}{}% 6
\BOOKMARK [2][-]{subsection.2.1}{\376\377\000D\000a\000t\000a\000\040\000D\000e\000s\000c\000r\000i\000p\000t\000i\000o\000n}{section.2}% 7
\BOOKMARK [3][-]{subsubsection.2.1.1}{\376\377\000D\000a\000t\000a\000\040\000S\000o\000u\000r\000c\000e}{subsection.2.1}% 8
\BOOKMARK [3][-]{subsubsection.2.1.2}{\376\377\000V\000a\000r\000i\000a\000b\000l\000e\000s\000\040\000M\000e\000a\000s\000u\000r\000e\000d}{subsection.2.1}% 9
\BOOKMARK [2][-]{subsection.2.2}{\376\377\000D\000a\000t\000a\000\040\000P\000r\000e\000p\000r\000o\000c\000e\000s\000s\000i\000n\000g}{section.2}% 10
\BOOKMARK [3][-]{subsubsection.2.2.1}{\376\377\000A\000c\000t\000i\000v\000i\000t\000y\000\040\000L\000e\000v\000e\000l\000\040\000D\000i\000s\000c\000r\000e\000t\000i\000z\000a\000t\000i\000o\000n}{subsection.2.2}% 11
\BOOKMARK [3][-]{subsubsection.2.2.2}{\376\377\000T\000e\000m\000p\000o\000r\000a\000l\000\040\000F\000e\000a\000t\000u\000r\000e\000\040\000E\000x\000t\000r\000a\000c\000t\000i\000o\000n}{subsection.2.2}% 12
\BOOKMARK [2][-]{subsection.2.3}{\376\377\000T\000e\000m\000p\000o\000r\000a\000l\000\040\000E\000n\000t\000r\000o\000p\000y\000\040\000C\000a\000l\000c\000u\000l\000a\000t\000i\000o\000n}{section.2}% 13
\BOOKMARK [3][-]{subsubsection.2.3.1}{\376\377\000S\000h\000a\000n\000n\000o\000n\000\040\000E\000n\000t\000r\000o\000p\000y}{subsection.2.3}% 14
\BOOKMARK [3][-]{subsubsection.2.3.2}{\376\377\000T\000e\000m\000p\000o\000r\000a\000l\000\040\000E\000n\000t\000r\000o\000p\000y\000\040\000P\000r\000o\000f\000i\000l\000e}{subsection.2.3}% 15
\BOOKMARK [2][-]{subsection.2.4}{\376\377\000I\000n\000t\000e\000r\000p\000r\000e\000t\000a\000t\000i\000o\000n\000\040\000F\000r\000a\000m\000e\000w\000o\000r\000k}{section.2}% 16
\BOOKMARK [2][-]{subsection.2.5}{\376\377\000T\000i\000m\000e\000-\000o\000f\000-\000D\000a\000y\000\040\000A\000n\000a\000l\000y\000s\000i\000s}{section.2}% 17
\BOOKMARK [1][-]{section.3}{\376\377\000R\000e\000s\000u\000l\000t\000s}{}% 18
\BOOKMARK [2][-]{subsection.3.1}{\376\377\000O\000v\000e\000r\000a\000l\000l\000\040\000T\000e\000m\000p\000o\000r\000a\000l\000\040\000E\000n\000t\000r\000o\000p\000y}{section.3}% 19
\BOOKMARK [2][-]{subsection.3.2}{\376\377\000T\000e\000m\000p\000o\000r\000a\000l\000\040\000E\000n\000t\000r\000o\000p\000y\000\040\000P\000r\000o\000f\000i\000l\000e\000s}{section.3}% 20
\BOOKMARK [2][-]{subsection.3.3}{\376\377\000C\000o\000m\000p\000a\000r\000i\000s\000o\000n\000\040\000B\000e\000t\000w\000e\000e\000n\000\040\000P\000a\000r\000t\000i\000c\000i\000p\000a\000n\000t\000s}{section.3}% 21
\BOOKMARK [2][-]{subsection.3.4}{\376\377\000T\000i\000m\000e\000-\000o\000f\000-\000D\000a\000y\000\040\000A\000n\000a\000l\000y\000s\000i\000s}{section.3}% 22
\BOOKMARK [1][-]{section.4}{\376\377\000D\000i\000s\000c\000u\000s\000s\000i\000o\000n}{}% 23
\BOOKMARK [2][-]{subsection.4.1}{\376\377\000I\000n\000t\000e\000r\000p\000r\000e\000t\000a\000t\000i\000o\000n\000\040\000o\000f\000\040\000F\000i\000n\000d\000i\000n\000g\000s}{section.4}% 24
\BOOKMARK [3][-]{subsubsection.4.1.1}{\376\377\000F\000S\0001\0009\0008\0007\000:\000\040\000S\000t\000r\000u\000c\000t\000u\000r\000e\000d\000\040\000M\000o\000r\000n\000i\000n\000g\000\040\000R\000o\000u\000t\000i\000n\000e}{subsection.4.1}% 25
\BOOKMARK [3][-]{subsubsection.4.1.2}{\376\377\000F\000S\0002\0001\0001\0006\000:\000\040\000V\000a\000r\000i\000a\000b\000l\000e\000\040\000D\000a\000y\000t\000i\000m\000e\000,\000\040\000C\000o\000n\000s\000i\000s\000t\000e\000n\000t\000\040\000N\000i\000g\000h\000t\000t\000i\000m\000e}{subsection.4.1}% 26
\BOOKMARK [2][-]{subsection.4.2}{\376\377\000H\000e\000a\000l\000t\000h\000\040\000I\000m\000p\000l\000i\000c\000a\000t\000i\000o\000n\000s}{section.4}% 27
\BOOKMARK [2][-]{subsection.4.3}{\376\377\000A\000d\000v\000a\000n\000t\000a\000g\000e\000s\000\040\000o\000f\000\040\000T\000e\000m\000p\000o\000r\000a\000l\000\040\000E\000n\000t\000r\000o\000p\000y\000\040\000a\000s\000\040\000a\000\040\000B\000i\000o\000m\000a\000r\000k\000e\000r}{section.4}% 28
\BOOKMARK [2][-]{subsection.4.4}{\376\377\000L\000i\000m\000i\000t\000a\000t\000i\000o\000n\000s}{section.4}% 29
\BOOKMARK [2][-]{subsection.4.5}{\376\377\000F\000u\000t\000u\000r\000e\000\040\000D\000i\000r\000e\000c\000t\000i\000o\000n\000s}{section.4}% 30
\BOOKMARK [1][-]{section.5}{\376\377\000C\000o\000n\000c\000l\000u\000s\000i\000o\000n}{}% 31
